[2018-05-19 12:38:24,220][HousePriceAnalysis.py:81]:INFO: Replace table[city_info] city_name[鞍山], anjuke_homepage_url[https://anshan.anjuke.com] anjuke_rent_url[https://as.zu.anjuke.com/] ok!
[2018-05-19 12:38:24,221][HousePriceAnalysis.py:84]:ERROR: Replace table[city_info] city_info city_name[北京], anjuke_homepage_url[https://beijing.anjuke.com] anjuke_rent_url[https://bj.zu.anjuke.com/] failed! error[Duplicate entry '0' for key 'PRIMARY']
[2018-05-19 12:38:24,222][HousePriceAnalysis.py:84]:ERROR: Replace table[city_info] city_info city_name[成都], anjuke_homepage_url[https://chengdu.anjuke.com] anjuke_rent_url[https://cd.zu.anjuke.com/] failed! error[Duplicate entry '0' for key 'PRIMARY']
[2018-05-19 12:38:24,223][HousePriceAnalysis.py:84]:ERROR: Replace table[city_info] city_info city_name[大连], anjuke_homepage_url[https://dalian.anjuke.com] anjuke_rent_url[https://dl.zu.anjuke.com/] failed! error[Duplicate entry '0' for key 'PRIMARY']
[2018-05-19 12:38:24,224][HousePriceAnalysis.py:84]:ERROR: Replace table[city_info] city_info city_name[鄂尔多斯], anjuke_homepage_url[https://eerduosi.anjuke.com] anjuke_rent_url[https://eeds.zu.anjuke.com/] failed! error[Duplicate entry '0' for key 'PRIMARY']
[2018-05-19 12:38:24,224][HousePriceAnalysis.py:84]:ERROR: Replace table[city_info] city_info city_name[佛山], anjuke_homepage_url[https://foshan.anjuke.com] anjuke_rent_url[https://fs.zu.anjuke.com/] failed! error[Duplicate entry '0' for key 'PRIMARY']
[2018-05-19 12:38:24,225][HousePriceAnalysis.py:84]:ERROR: Replace table[city_info] city_info city_name[广州], anjuke_homepage_url[https://guangzhou.anjuke.com] anjuke_rent_url[https://gz.zu.anjuke.com/] failed! error[Duplicate entry '0' for key 'PRIMARY']
[2018-05-19 12:38:24,226][HousePriceAnalysis.py:84]:ERROR: Replace table[city_info] city_info city_name[杭州], anjuke_homepage_url[https://hangzhou.anjuke.com] anjuke_rent_url[https://hz.zu.anjuke.com/] failed! error[Duplicate entry '0' for key 'PRIMARY']
[2018-05-19 12:38:24,227][HousePriceAnalysis.py:84]:ERROR: Replace table[city_info] city_info city_name[济南], anjuke_homepage_url[https://jinan.anjuke.com] anjuke_rent_url[https://jn.zu.anjuke.com/] failed! error[Duplicate entry '0' for key 'PRIMARY']
[2018-05-19 12:38:24,228][HousePriceAnalysis.py:84]:ERROR: Replace table[city_info] city_info city_name[昆明], anjuke_homepage_url[https://km.anjuke.com] anjuke_rent_url[https://km.zu.anjuke.com/] failed! error[Duplicate entry '0' for key 'PRIMARY']
[2018-05-19 12:38:24,229][HousePriceAnalysis.py:84]:ERROR: Replace table[city_info] city_info city_name[兰州], anjuke_homepage_url[https://lanzhou.anjuke.com] anjuke_rent_url[https://lz.zu.anjuke.com/] failed! error[Duplicate entry '0' for key 'PRIMARY']
[2018-05-19 12:38:24,230][HousePriceAnalysis.py:84]:ERROR: Replace table[city_info] city_info city_name[绵阳], anjuke_homepage_url[https://mianyang.anjuke.com] anjuke_rent_url[https://mian.zu.anjuke.com/] failed! error[Duplicate entry '0' for key 'PRIMARY']
[2018-05-19 12:38:24,230][HousePriceAnalysis.py:84]:ERROR: Replace table[city_info] city_info city_name[南京], anjuke_homepage_url[https://nanjing.anjuke.com] anjuke_rent_url[https://nj.zu.anjuke.com/] failed! error[Duplicate entry '0' for key 'PRIMARY']
[2018-05-19 12:38:24,231][HousePriceAnalysis.py:84]:ERROR: Replace table[city_info] city_info city_name[攀枝花], anjuke_homepage_url[https://panzhihua.anjuke.com] anjuke_rent_url[https://pzh.zu.anjuke.com/] failed! error[Duplicate entry '0' for key 'PRIMARY']
[2018-05-19 12:38:24,232][HousePriceAnalysis.py:84]:ERROR: Replace table[city_info] city_info city_name[青岛], anjuke_homepage_url[https://qd.anjuke.com] anjuke_rent_url[https://qd.zu.anjuke.com/] failed! error[Duplicate entry '0' for key 'PRIMARY']
[2018-05-19 12:38:24,233][HousePriceAnalysis.py:84]:ERROR: Replace table[city_info] city_info city_name[日照], anjuke_homepage_url[https://rizhao.anjuke.com] anjuke_rent_url[https://rz.zu.anjuke.com/] failed! error[Duplicate entry '0' for key 'PRIMARY']
[2018-05-19 12:38:24,234][HousePriceAnalysis.py:84]:ERROR: Replace table[city_info] city_info city_name[上海], anjuke_homepage_url[https://shanghai.anjuke.com] anjuke_rent_url[https://sh.zu.anjuke.com/] failed! error[Duplicate entry '0' for key 'PRIMARY']
[2018-05-19 12:38:24,235][HousePriceAnalysis.py:84]:ERROR: Replace table[city_info] city_info city_name[天津], anjuke_homepage_url[https://tianjin.anjuke.com] anjuke_rent_url[https://tj.zu.anjuke.com/] failed! error[Duplicate entry '0' for key 'PRIMARY']
[2018-05-19 12:38:24,236][HousePriceAnalysis.py:84]:ERROR: Replace table[city_info] city_info city_name[武汉], anjuke_homepage_url[https://wuhan.anjuke.com] anjuke_rent_url[https://wh.zu.anjuke.com/] failed! error[Duplicate entry '0' for key 'PRIMARY']
[2018-05-19 12:38:24,236][HousePriceAnalysis.py:84]:ERROR: Replace table[city_info] city_info city_name[西安], anjuke_homepage_url[https://xa.anjuke.com] anjuke_rent_url[https://xa.zu.anjuke.com/] failed! error[Duplicate entry '0' for key 'PRIMARY']
[2018-05-19 12:38:24,237][HousePriceAnalysis.py:84]:ERROR: Replace table[city_info] city_info city_name[烟台], anjuke_homepage_url[https://yt.anjuke.com] anjuke_rent_url[https://yt.zu.anjuke.com/] failed! error[Duplicate entry '0' for key 'PRIMARY']
[2018-05-19 12:38:24,238][HousePriceAnalysis.py:84]:ERROR: Replace table[city_info] city_info city_name[郑州], anjuke_homepage_url[https://zhengzhou.anjuke.com] anjuke_rent_url[https://zz.zu.anjuke.com/] failed! error[Duplicate entry '0' for key 'PRIMARY']
[2018-05-19 12:38:24,239][HousePriceAnalysis.py:84]:ERROR: Replace table[city_info] city_info city_name[阿坝州], anjuke_homepage_url[https://chengdu.anjuke.com] anjuke_rent_url[https://cd.zu.anjuke.com/] failed! error[Duplicate entry '0' for key 'PRIMARY']
[2018-05-19 12:41:47,933][HousePriceAnalysis.py:84]:ERROR: Replace table[city_info] city_info city_name[鞍山], anjuke_homepage_url[https://anshan.anjuke.com] anjuke_rent_url[https://as.zu.anjuke.com/] failed! error[Duplicate entry '0' for key 'PRIMARY']
[2018-05-19 12:41:47,934][HousePriceAnalysis.py:84]:ERROR: Replace table[city_info] city_info city_name[北京], anjuke_homepage_url[https://beijing.anjuke.com] anjuke_rent_url[https://bj.zu.anjuke.com/] failed! error[Duplicate entry '0' for key 'PRIMARY']
[2018-05-19 12:41:47,934][HousePriceAnalysis.py:84]:ERROR: Replace table[city_info] city_info city_name[成都], anjuke_homepage_url[https://chengdu.anjuke.com] anjuke_rent_url[https://cd.zu.anjuke.com/] failed! error[Duplicate entry '0' for key 'PRIMARY']
[2018-05-19 12:41:47,935][HousePriceAnalysis.py:84]:ERROR: Replace table[city_info] city_info city_name[大连], anjuke_homepage_url[https://dalian.anjuke.com] anjuke_rent_url[https://dl.zu.anjuke.com/] failed! error[Duplicate entry '0' for key 'PRIMARY']
[2018-05-19 12:41:47,936][HousePriceAnalysis.py:84]:ERROR: Replace table[city_info] city_info city_name[鄂尔多斯], anjuke_homepage_url[https://eerduosi.anjuke.com] anjuke_rent_url[https://eeds.zu.anjuke.com/] failed! error[Duplicate entry '0' for key 'PRIMARY']
[2018-05-19 12:41:47,936][HousePriceAnalysis.py:84]:ERROR: Replace table[city_info] city_info city_name[佛山], anjuke_homepage_url[https://foshan.anjuke.com] anjuke_rent_url[https://fs.zu.anjuke.com/] failed! error[Duplicate entry '0' for key 'PRIMARY']
[2018-05-19 12:41:47,937][HousePriceAnalysis.py:84]:ERROR: Replace table[city_info] city_info city_name[广州], anjuke_homepage_url[https://guangzhou.anjuke.com] anjuke_rent_url[https://gz.zu.anjuke.com/] failed! error[Duplicate entry '0' for key 'PRIMARY']
[2018-05-19 12:41:47,937][HousePriceAnalysis.py:84]:ERROR: Replace table[city_info] city_info city_name[杭州], anjuke_homepage_url[https://hangzhou.anjuke.com] anjuke_rent_url[https://hz.zu.anjuke.com/] failed! error[Duplicate entry '0' for key 'PRIMARY']
[2018-05-19 12:41:47,938][HousePriceAnalysis.py:84]:ERROR: Replace table[city_info] city_info city_name[济南], anjuke_homepage_url[https://jinan.anjuke.com] anjuke_rent_url[https://jn.zu.anjuke.com/] failed! error[Duplicate entry '0' for key 'PRIMARY']
[2018-05-19 12:41:47,939][HousePriceAnalysis.py:84]:ERROR: Replace table[city_info] city_info city_name[昆明], anjuke_homepage_url[https://km.anjuke.com] anjuke_rent_url[https://km.zu.anjuke.com/] failed! error[Duplicate entry '0' for key 'PRIMARY']
[2018-05-19 12:41:47,939][HousePriceAnalysis.py:84]:ERROR: Replace table[city_info] city_info city_name[兰州], anjuke_homepage_url[https://lanzhou.anjuke.com] anjuke_rent_url[https://lz.zu.anjuke.com/] failed! error[Duplicate entry '0' for key 'PRIMARY']
[2018-05-19 12:41:47,940][HousePriceAnalysis.py:84]:ERROR: Replace table[city_info] city_info city_name[绵阳], anjuke_homepage_url[https://mianyang.anjuke.com] anjuke_rent_url[https://mian.zu.anjuke.com/] failed! error[Duplicate entry '0' for key 'PRIMARY']
[2018-05-19 12:41:47,941][HousePriceAnalysis.py:84]:ERROR: Replace table[city_info] city_info city_name[南京], anjuke_homepage_url[https://nanjing.anjuke.com] anjuke_rent_url[https://nj.zu.anjuke.com/] failed! error[Duplicate entry '0' for key 'PRIMARY']
[2018-05-19 12:41:47,942][HousePriceAnalysis.py:84]:ERROR: Replace table[city_info] city_info city_name[攀枝花], anjuke_homepage_url[https://panzhihua.anjuke.com] anjuke_rent_url[https://pzh.zu.anjuke.com/] failed! error[Duplicate entry '0' for key 'PRIMARY']
[2018-05-19 12:41:47,942][HousePriceAnalysis.py:84]:ERROR: Replace table[city_info] city_info city_name[青岛], anjuke_homepage_url[https://qd.anjuke.com] anjuke_rent_url[https://qd.zu.anjuke.com/] failed! error[Duplicate entry '0' for key 'PRIMARY']
[2018-05-19 12:41:47,943][HousePriceAnalysis.py:84]:ERROR: Replace table[city_info] city_info city_name[日照], anjuke_homepage_url[https://rizhao.anjuke.com] anjuke_rent_url[https://rz.zu.anjuke.com/] failed! error[Duplicate entry '0' for key 'PRIMARY']
[2018-05-19 12:41:47,944][HousePriceAnalysis.py:84]:ERROR: Replace table[city_info] city_info city_name[上海], anjuke_homepage_url[https://shanghai.anjuke.com] anjuke_rent_url[https://sh.zu.anjuke.com/] failed! error[Duplicate entry '0' for key 'PRIMARY']
[2018-05-19 12:41:47,944][HousePriceAnalysis.py:84]:ERROR: Replace table[city_info] city_info city_name[天津], anjuke_homepage_url[https://tianjin.anjuke.com] anjuke_rent_url[https://tj.zu.anjuke.com/] failed! error[Duplicate entry '0' for key 'PRIMARY']
[2018-05-19 12:41:47,945][HousePriceAnalysis.py:84]:ERROR: Replace table[city_info] city_info city_name[武汉], anjuke_homepage_url[https://wuhan.anjuke.com] anjuke_rent_url[https://wh.zu.anjuke.com/] failed! error[Duplicate entry '0' for key 'PRIMARY']
[2018-05-19 12:41:47,946][HousePriceAnalysis.py:84]:ERROR: Replace table[city_info] city_info city_name[西安], anjuke_homepage_url[https://xa.anjuke.com] anjuke_rent_url[https://xa.zu.anjuke.com/] failed! error[Duplicate entry '0' for key 'PRIMARY']
[2018-05-19 12:41:47,946][HousePriceAnalysis.py:84]:ERROR: Replace table[city_info] city_info city_name[烟台], anjuke_homepage_url[https://yt.anjuke.com] anjuke_rent_url[https://yt.zu.anjuke.com/] failed! error[Duplicate entry '0' for key 'PRIMARY']
[2018-05-19 12:41:47,947][HousePriceAnalysis.py:84]:ERROR: Replace table[city_info] city_info city_name[郑州], anjuke_homepage_url[https://zhengzhou.anjuke.com] anjuke_rent_url[https://zz.zu.anjuke.com/] failed! error[Duplicate entry '0' for key 'PRIMARY']
[2018-05-19 12:41:47,948][HousePriceAnalysis.py:84]:ERROR: Replace table[city_info] city_info city_name[阿坝州], anjuke_homepage_url[https://chengdu.anjuke.com] anjuke_rent_url[https://cd.zu.anjuke.com/] failed! error[Duplicate entry '0' for key 'PRIMARY']
[2018-05-19 12:42:58,762][HousePriceAnalysis.py:84]:ERROR: Replace table[city_info] city_info city_name[鞍山], anjuke_homepage_url[https://anshan.anjuke.com] anjuke_rent_url[https://as.zu.anjuke.com/] failed! error[Duplicate entry '0' for key 'PRIMARY']
[2018-05-19 12:42:58,763][HousePriceAnalysis.py:84]:ERROR: Replace table[city_info] city_info city_name[北京], anjuke_homepage_url[https://beijing.anjuke.com] anjuke_rent_url[https://bj.zu.anjuke.com/] failed! error[Duplicate entry '0' for key 'PRIMARY']
[2018-05-19 12:42:58,763][HousePriceAnalysis.py:84]:ERROR: Replace table[city_info] city_info city_name[成都], anjuke_homepage_url[https://chengdu.anjuke.com] anjuke_rent_url[https://cd.zu.anjuke.com/] failed! error[Duplicate entry '0' for key 'PRIMARY']
[2018-05-19 12:42:58,764][HousePriceAnalysis.py:84]:ERROR: Replace table[city_info] city_info city_name[大连], anjuke_homepage_url[https://dalian.anjuke.com] anjuke_rent_url[https://dl.zu.anjuke.com/] failed! error[Duplicate entry '0' for key 'PRIMARY']
[2018-05-19 12:42:58,764][HousePriceAnalysis.py:84]:ERROR: Replace table[city_info] city_info city_name[鄂尔多斯], anjuke_homepage_url[https://eerduosi.anjuke.com] anjuke_rent_url[https://eeds.zu.anjuke.com/] failed! error[Duplicate entry '0' for key 'PRIMARY']
[2018-05-19 12:42:58,765][HousePriceAnalysis.py:84]:ERROR: Replace table[city_info] city_info city_name[佛山], anjuke_homepage_url[https://foshan.anjuke.com] anjuke_rent_url[https://fs.zu.anjuke.com/] failed! error[Duplicate entry '0' for key 'PRIMARY']
[2018-05-19 12:42:58,765][HousePriceAnalysis.py:84]:ERROR: Replace table[city_info] city_info city_name[广州], anjuke_homepage_url[https://guangzhou.anjuke.com] anjuke_rent_url[https://gz.zu.anjuke.com/] failed! error[Duplicate entry '0' for key 'PRIMARY']
[2018-05-19 12:42:58,766][HousePriceAnalysis.py:84]:ERROR: Replace table[city_info] city_info city_name[杭州], anjuke_homepage_url[https://hangzhou.anjuke.com] anjuke_rent_url[https://hz.zu.anjuke.com/] failed! error[Duplicate entry '0' for key 'PRIMARY']
[2018-05-19 12:42:58,766][HousePriceAnalysis.py:84]:ERROR: Replace table[city_info] city_info city_name[济南], anjuke_homepage_url[https://jinan.anjuke.com] anjuke_rent_url[https://jn.zu.anjuke.com/] failed! error[Duplicate entry '0' for key 'PRIMARY']
[2018-05-19 12:42:58,766][HousePriceAnalysis.py:84]:ERROR: Replace table[city_info] city_info city_name[昆明], anjuke_homepage_url[https://km.anjuke.com] anjuke_rent_url[https://km.zu.anjuke.com/] failed! error[Duplicate entry '0' for key 'PRIMARY']
[2018-05-19 12:42:58,767][HousePriceAnalysis.py:84]:ERROR: Replace table[city_info] city_info city_name[兰州], anjuke_homepage_url[https://lanzhou.anjuke.com] anjuke_rent_url[https://lz.zu.anjuke.com/] failed! error[Duplicate entry '0' for key 'PRIMARY']
[2018-05-19 12:42:58,767][HousePriceAnalysis.py:84]:ERROR: Replace table[city_info] city_info city_name[绵阳], anjuke_homepage_url[https://mianyang.anjuke.com] anjuke_rent_url[https://mian.zu.anjuke.com/] failed! error[Duplicate entry '0' for key 'PRIMARY']
[2018-05-19 12:42:58,768][HousePriceAnalysis.py:84]:ERROR: Replace table[city_info] city_info city_name[南京], anjuke_homepage_url[https://nanjing.anjuke.com] anjuke_rent_url[https://nj.zu.anjuke.com/] failed! error[Duplicate entry '0' for key 'PRIMARY']
[2018-05-19 12:42:58,768][HousePriceAnalysis.py:84]:ERROR: Replace table[city_info] city_info city_name[攀枝花], anjuke_homepage_url[https://panzhihua.anjuke.com] anjuke_rent_url[https://pzh.zu.anjuke.com/] failed! error[Duplicate entry '0' for key 'PRIMARY']
[2018-05-19 12:42:58,769][HousePriceAnalysis.py:84]:ERROR: Replace table[city_info] city_info city_name[青岛], anjuke_homepage_url[https://qd.anjuke.com] anjuke_rent_url[https://qd.zu.anjuke.com/] failed! error[Duplicate entry '0' for key 'PRIMARY']
[2018-05-19 12:42:58,769][HousePriceAnalysis.py:84]:ERROR: Replace table[city_info] city_info city_name[日照], anjuke_homepage_url[https://rizhao.anjuke.com] anjuke_rent_url[https://rz.zu.anjuke.com/] failed! error[Duplicate entry '0' for key 'PRIMARY']
[2018-05-19 12:42:58,770][HousePriceAnalysis.py:84]:ERROR: Replace table[city_info] city_info city_name[上海], anjuke_homepage_url[https://shanghai.anjuke.com] anjuke_rent_url[https://sh.zu.anjuke.com/] failed! error[Duplicate entry '0' for key 'PRIMARY']
[2018-05-19 12:42:58,770][HousePriceAnalysis.py:84]:ERROR: Replace table[city_info] city_info city_name[天津], anjuke_homepage_url[https://tianjin.anjuke.com] anjuke_rent_url[https://tj.zu.anjuke.com/] failed! error[Duplicate entry '0' for key 'PRIMARY']
[2018-05-19 12:42:58,771][HousePriceAnalysis.py:84]:ERROR: Replace table[city_info] city_info city_name[武汉], anjuke_homepage_url[https://wuhan.anjuke.com] anjuke_rent_url[https://wh.zu.anjuke.com/] failed! error[Duplicate entry '0' for key 'PRIMARY']
[2018-05-19 12:42:58,771][HousePriceAnalysis.py:84]:ERROR: Replace table[city_info] city_info city_name[西安], anjuke_homepage_url[https://xa.anjuke.com] anjuke_rent_url[https://xa.zu.anjuke.com/] failed! error[Duplicate entry '0' for key 'PRIMARY']
[2018-05-19 12:42:58,772][HousePriceAnalysis.py:84]:ERROR: Replace table[city_info] city_info city_name[烟台], anjuke_homepage_url[https://yt.anjuke.com] anjuke_rent_url[https://yt.zu.anjuke.com/] failed! error[Duplicate entry '0' for key 'PRIMARY']
[2018-05-19 12:42:58,772][HousePriceAnalysis.py:84]:ERROR: Replace table[city_info] city_info city_name[郑州], anjuke_homepage_url[https://zhengzhou.anjuke.com] anjuke_rent_url[https://zz.zu.anjuke.com/] failed! error[Duplicate entry '0' for key 'PRIMARY']
[2018-05-19 12:42:58,773][HousePriceAnalysis.py:84]:ERROR: Replace table[city_info] city_info city_name[阿坝州], anjuke_homepage_url[https://chengdu.anjuke.com] anjuke_rent_url[https://cd.zu.anjuke.com/] failed! error[Duplicate entry '0' for key 'PRIMARY']
[2018-05-19 12:51:05,383][HousePriceAnalysis.py:81]:INFO: Replace table[city_info] city_name[鞍山], anjuke_homepage_url[https://anshan.anjuke.com] anjuke_rent_url[https://as.zu.anjuke.com/] ok!
[2018-05-19 12:51:05,393][HousePriceAnalysis.py:81]:INFO: Replace table[city_info] city_name[北京], anjuke_homepage_url[https://beijing.anjuke.com] anjuke_rent_url[https://bj.zu.anjuke.com/] ok!
[2018-05-19 12:51:05,403][HousePriceAnalysis.py:81]:INFO: Replace table[city_info] city_name[成都], anjuke_homepage_url[https://chengdu.anjuke.com] anjuke_rent_url[https://cd.zu.anjuke.com/] ok!
[2018-05-19 12:51:05,413][HousePriceAnalysis.py:81]:INFO: Replace table[city_info] city_name[大连], anjuke_homepage_url[https://dalian.anjuke.com] anjuke_rent_url[https://dl.zu.anjuke.com/] ok!
[2018-05-19 12:51:05,424][HousePriceAnalysis.py:81]:INFO: Replace table[city_info] city_name[鄂尔多斯], anjuke_homepage_url[https://eerduosi.anjuke.com] anjuke_rent_url[https://eeds.zu.anjuke.com/] ok!
[2018-05-19 12:51:05,434][HousePriceAnalysis.py:81]:INFO: Replace table[city_info] city_name[佛山], anjuke_homepage_url[https://foshan.anjuke.com] anjuke_rent_url[https://fs.zu.anjuke.com/] ok!
[2018-05-19 12:51:05,554][HousePriceAnalysis.py:81]:INFO: Replace table[city_info] city_name[广州], anjuke_homepage_url[https://guangzhou.anjuke.com] anjuke_rent_url[https://gz.zu.anjuke.com/] ok!
[2018-05-19 12:51:05,568][HousePriceAnalysis.py:81]:INFO: Replace table[city_info] city_name[杭州], anjuke_homepage_url[https://hangzhou.anjuke.com] anjuke_rent_url[https://hz.zu.anjuke.com/] ok!
[2018-05-19 12:51:05,606][HousePriceAnalysis.py:81]:INFO: Replace table[city_info] city_name[济南], anjuke_homepage_url[https://jinan.anjuke.com] anjuke_rent_url[https://jn.zu.anjuke.com/] ok!
[2018-05-19 12:51:05,620][HousePriceAnalysis.py:81]:INFO: Replace table[city_info] city_name[昆明], anjuke_homepage_url[https://km.anjuke.com] anjuke_rent_url[https://km.zu.anjuke.com/] ok!
[2018-05-19 12:51:05,634][HousePriceAnalysis.py:81]:INFO: Replace table[city_info] city_name[兰州], anjuke_homepage_url[https://lanzhou.anjuke.com] anjuke_rent_url[https://lz.zu.anjuke.com/] ok!
[2018-05-19 12:51:05,646][HousePriceAnalysis.py:81]:INFO: Replace table[city_info] city_name[绵阳], anjuke_homepage_url[https://mianyang.anjuke.com] anjuke_rent_url[https://mian.zu.anjuke.com/] ok!
[2018-05-19 12:51:05,657][HousePriceAnalysis.py:81]:INFO: Replace table[city_info] city_name[南京], anjuke_homepage_url[https://nanjing.anjuke.com] anjuke_rent_url[https://nj.zu.anjuke.com/] ok!
[2018-05-19 12:51:05,667][HousePriceAnalysis.py:81]:INFO: Replace table[city_info] city_name[攀枝花], anjuke_homepage_url[https://panzhihua.anjuke.com] anjuke_rent_url[https://pzh.zu.anjuke.com/] ok!
[2018-05-19 12:51:05,677][HousePriceAnalysis.py:81]:INFO: Replace table[city_info] city_name[青岛], anjuke_homepage_url[https://qd.anjuke.com] anjuke_rent_url[https://qd.zu.anjuke.com/] ok!
[2018-05-19 12:51:05,688][HousePriceAnalysis.py:81]:INFO: Replace table[city_info] city_name[日照], anjuke_homepage_url[https://rizhao.anjuke.com] anjuke_rent_url[https://rz.zu.anjuke.com/] ok!
[2018-05-19 12:51:05,723][HousePriceAnalysis.py:81]:INFO: Replace table[city_info] city_name[上海], anjuke_homepage_url[https://shanghai.anjuke.com] anjuke_rent_url[https://sh.zu.anjuke.com/] ok!
[2018-05-19 12:51:05,732][HousePriceAnalysis.py:81]:INFO: Replace table[city_info] city_name[天津], anjuke_homepage_url[https://tianjin.anjuke.com] anjuke_rent_url[https://tj.zu.anjuke.com/] ok!
[2018-05-19 12:51:05,743][HousePriceAnalysis.py:81]:INFO: Replace table[city_info] city_name[武汉], anjuke_homepage_url[https://wuhan.anjuke.com] anjuke_rent_url[https://wh.zu.anjuke.com/] ok!
[2018-05-19 12:51:05,753][HousePriceAnalysis.py:81]:INFO: Replace table[city_info] city_name[西安], anjuke_homepage_url[https://xa.anjuke.com] anjuke_rent_url[https://xa.zu.anjuke.com/] ok!
[2018-05-19 12:51:05,764][HousePriceAnalysis.py:81]:INFO: Replace table[city_info] city_name[烟台], anjuke_homepage_url[https://yt.anjuke.com] anjuke_rent_url[https://yt.zu.anjuke.com/] ok!
[2018-05-19 12:51:05,774][HousePriceAnalysis.py:81]:INFO: Replace table[city_info] city_name[郑州], anjuke_homepage_url[https://zhengzhou.anjuke.com] anjuke_rent_url[https://zz.zu.anjuke.com/] ok!
[2018-05-19 12:51:05,784][HousePriceAnalysis.py:81]:INFO: Replace table[city_info] city_name[阿坝州], anjuke_homepage_url[https://chengdu.anjuke.com] anjuke_rent_url[https://cd.zu.anjuke.com/] ok!
[2018-05-19 12:55:10,138][HousePriceAnalysis.py:81]:INFO: Replace table[city_info] city_name[鞍山], anjuke_homepage_url[https://anshan.anjuke.com] anjuke_rent_url[https://as.zu.anjuke.com/] ok!
[2018-05-19 12:55:10,165][HousePriceAnalysis.py:81]:INFO: Replace table[city_info] city_name[北京], anjuke_homepage_url[https://beijing.anjuke.com] anjuke_rent_url[https://bj.zu.anjuke.com/] ok!
[2018-05-19 12:55:10,178][HousePriceAnalysis.py:81]:INFO: Replace table[city_info] city_name[成都], anjuke_homepage_url[https://chengdu.anjuke.com] anjuke_rent_url[https://cd.zu.anjuke.com/] ok!
[2018-05-19 12:55:10,191][HousePriceAnalysis.py:81]:INFO: Replace table[city_info] city_name[大连], anjuke_homepage_url[https://dalian.anjuke.com] anjuke_rent_url[https://dl.zu.anjuke.com/] ok!
[2018-05-19 12:55:10,206][HousePriceAnalysis.py:81]:INFO: Replace table[city_info] city_name[鄂尔多斯], anjuke_homepage_url[https://eerduosi.anjuke.com] anjuke_rent_url[https://eeds.zu.anjuke.com/] ok!
[2018-05-19 12:55:10,220][HousePriceAnalysis.py:81]:INFO: Replace table[city_info] city_name[佛山], anjuke_homepage_url[https://foshan.anjuke.com] anjuke_rent_url[https://fs.zu.anjuke.com/] ok!
[2018-05-19 12:55:10,234][HousePriceAnalysis.py:81]:INFO: Replace table[city_info] city_name[广州], anjuke_homepage_url[https://guangzhou.anjuke.com] anjuke_rent_url[https://gz.zu.anjuke.com/] ok!
[2018-05-19 12:55:10,272][HousePriceAnalysis.py:81]:INFO: Replace table[city_info] city_name[杭州], anjuke_homepage_url[https://hangzhou.anjuke.com] anjuke_rent_url[https://hz.zu.anjuke.com/] ok!
[2018-05-19 12:55:10,281][HousePriceAnalysis.py:81]:INFO: Replace table[city_info] city_name[济南], anjuke_homepage_url[https://jinan.anjuke.com] anjuke_rent_url[https://jn.zu.anjuke.com/] ok!
[2018-05-19 12:55:10,319][HousePriceAnalysis.py:81]:INFO: Replace table[city_info] city_name[昆明], anjuke_homepage_url[https://km.anjuke.com] anjuke_rent_url[https://km.zu.anjuke.com/] ok!
[2018-05-19 12:55:10,344][HousePriceAnalysis.py:81]:INFO: Replace table[city_info] city_name[兰州], anjuke_homepage_url[https://lanzhou.anjuke.com] anjuke_rent_url[https://lz.zu.anjuke.com/] ok!
[2018-05-19 12:55:10,356][HousePriceAnalysis.py:81]:INFO: Replace table[city_info] city_name[绵阳], anjuke_homepage_url[https://mianyang.anjuke.com] anjuke_rent_url[https://mian.zu.anjuke.com/] ok!
[2018-05-19 12:55:10,366][HousePriceAnalysis.py:81]:INFO: Replace table[city_info] city_name[南京], anjuke_homepage_url[https://nanjing.anjuke.com] anjuke_rent_url[https://nj.zu.anjuke.com/] ok!
[2018-05-19 12:55:10,377][HousePriceAnalysis.py:81]:INFO: Replace table[city_info] city_name[攀枝花], anjuke_homepage_url[https://panzhihua.anjuke.com] anjuke_rent_url[https://pzh.zu.anjuke.com/] ok!
[2018-05-19 12:55:10,388][HousePriceAnalysis.py:81]:INFO: Replace table[city_info] city_name[青岛], anjuke_homepage_url[https://qd.anjuke.com] anjuke_rent_url[https://qd.zu.anjuke.com/] ok!
[2018-05-19 12:55:10,401][HousePriceAnalysis.py:81]:INFO: Replace table[city_info] city_name[日照], anjuke_homepage_url[https://rizhao.anjuke.com] anjuke_rent_url[https://rz.zu.anjuke.com/] ok!
[2018-05-19 12:55:10,411][HousePriceAnalysis.py:81]:INFO: Replace table[city_info] city_name[上海], anjuke_homepage_url[https://shanghai.anjuke.com] anjuke_rent_url[https://sh.zu.anjuke.com/] ok!
[2018-05-19 12:55:10,422][HousePriceAnalysis.py:81]:INFO: Replace table[city_info] city_name[天津], anjuke_homepage_url[https://tianjin.anjuke.com] anjuke_rent_url[https://tj.zu.anjuke.com/] ok!
[2018-05-19 12:55:10,432][HousePriceAnalysis.py:81]:INFO: Replace table[city_info] city_name[武汉], anjuke_homepage_url[https://wuhan.anjuke.com] anjuke_rent_url[https://wh.zu.anjuke.com/] ok!
[2018-05-19 12:55:10,443][HousePriceAnalysis.py:81]:INFO: Replace table[city_info] city_name[西安], anjuke_homepage_url[https://xa.anjuke.com] anjuke_rent_url[https://xa.zu.anjuke.com/] ok!
[2018-05-19 12:55:10,453][HousePriceAnalysis.py:81]:INFO: Replace table[city_info] city_name[烟台], anjuke_homepage_url[https://yt.anjuke.com] anjuke_rent_url[https://yt.zu.anjuke.com/] ok!
[2018-05-19 12:55:10,462][HousePriceAnalysis.py:81]:INFO: Replace table[city_info] city_name[郑州], anjuke_homepage_url[https://zhengzhou.anjuke.com] anjuke_rent_url[https://zz.zu.anjuke.com/] ok!
[2018-05-19 12:55:10,472][HousePriceAnalysis.py:81]:INFO: Replace table[city_info] city_name[阿坝州], anjuke_homepage_url[https://chengdu.anjuke.com] anjuke_rent_url[https://cd.zu.anjuke.com/] ok!
[2018-05-19 12:56:13,271][HousePriceAnalysis.py:81]:INFO: Replace table[city_info] city_name[鞍山], anjuke_homepage_url[https://anshan.anjuke.com] anjuke_rent_url[https://as.zu.anjuke.com/] ok!
[2018-05-19 12:56:13,323][HousePriceAnalysis.py:81]:INFO: Replace table[city_info] city_name[北京], anjuke_homepage_url[https://beijing.anjuke.com] anjuke_rent_url[https://bj.zu.anjuke.com/] ok!
[2018-05-19 12:56:13,346][HousePriceAnalysis.py:81]:INFO: Replace table[city_info] city_name[成都], anjuke_homepage_url[https://chengdu.anjuke.com] anjuke_rent_url[https://cd.zu.anjuke.com/] ok!
[2018-05-19 12:56:13,379][HousePriceAnalysis.py:81]:INFO: Replace table[city_info] city_name[大连], anjuke_homepage_url[https://dalian.anjuke.com] anjuke_rent_url[https://dl.zu.anjuke.com/] ok!
[2018-05-19 12:56:13,430][HousePriceAnalysis.py:81]:INFO: Replace table[city_info] city_name[鄂尔多斯], anjuke_homepage_url[https://eerduosi.anjuke.com] anjuke_rent_url[https://eeds.zu.anjuke.com/] ok!
[2018-05-19 12:56:13,448][HousePriceAnalysis.py:81]:INFO: Replace table[city_info] city_name[佛山], anjuke_homepage_url[https://foshan.anjuke.com] anjuke_rent_url[https://fs.zu.anjuke.com/] ok!
[2018-05-19 12:56:13,461][HousePriceAnalysis.py:81]:INFO: Replace table[city_info] city_name[广州], anjuke_homepage_url[https://guangzhou.anjuke.com] anjuke_rent_url[https://gz.zu.anjuke.com/] ok!
[2018-05-19 12:56:13,473][HousePriceAnalysis.py:81]:INFO: Replace table[city_info] city_name[杭州], anjuke_homepage_url[https://hangzhou.anjuke.com] anjuke_rent_url[https://hz.zu.anjuke.com/] ok!
[2018-05-19 12:56:13,483][HousePriceAnalysis.py:81]:INFO: Replace table[city_info] city_name[济南], anjuke_homepage_url[https://jinan.anjuke.com] anjuke_rent_url[https://jn.zu.anjuke.com/] ok!
[2018-05-19 12:56:13,492][HousePriceAnalysis.py:81]:INFO: Replace table[city_info] city_name[昆明], anjuke_homepage_url[https://km.anjuke.com] anjuke_rent_url[https://km.zu.anjuke.com/] ok!
[2018-05-19 12:56:13,501][HousePriceAnalysis.py:81]:INFO: Replace table[city_info] city_name[兰州], anjuke_homepage_url[https://lanzhou.anjuke.com] anjuke_rent_url[https://lz.zu.anjuke.com/] ok!
[2018-05-19 12:56:13,511][HousePriceAnalysis.py:81]:INFO: Replace table[city_info] city_name[绵阳], anjuke_homepage_url[https://mianyang.anjuke.com] anjuke_rent_url[https://mian.zu.anjuke.com/] ok!
[2018-05-19 12:56:13,520][HousePriceAnalysis.py:81]:INFO: Replace table[city_info] city_name[南京], anjuke_homepage_url[https://nanjing.anjuke.com] anjuke_rent_url[https://nj.zu.anjuke.com/] ok!
[2018-05-19 12:56:13,539][HousePriceAnalysis.py:81]:INFO: Replace table[city_info] city_name[攀枝花], anjuke_homepage_url[https://panzhihua.anjuke.com] anjuke_rent_url[https://pzh.zu.anjuke.com/] ok!
[2018-05-19 12:56:13,556][HousePriceAnalysis.py:81]:INFO: Replace table[city_info] city_name[青岛], anjuke_homepage_url[https://qd.anjuke.com] anjuke_rent_url[https://qd.zu.anjuke.com/] ok!
[2018-05-19 12:56:13,565][HousePriceAnalysis.py:81]:INFO: Replace table[city_info] city_name[日照], anjuke_homepage_url[https://rizhao.anjuke.com] anjuke_rent_url[https://rz.zu.anjuke.com/] ok!
[2018-05-19 12:56:13,574][HousePriceAnalysis.py:81]:INFO: Replace table[city_info] city_name[上海], anjuke_homepage_url[https://shanghai.anjuke.com] anjuke_rent_url[https://sh.zu.anjuke.com/] ok!
[2018-05-19 12:56:13,617][HousePriceAnalysis.py:81]:INFO: Replace table[city_info] city_name[天津], anjuke_homepage_url[https://tianjin.anjuke.com] anjuke_rent_url[https://tj.zu.anjuke.com/] ok!
[2018-05-19 12:56:13,637][HousePriceAnalysis.py:81]:INFO: Replace table[city_info] city_name[武汉], anjuke_homepage_url[https://wuhan.anjuke.com] anjuke_rent_url[https://wh.zu.anjuke.com/] ok!
[2018-05-19 12:56:13,646][HousePriceAnalysis.py:81]:INFO: Replace table[city_info] city_name[西安], anjuke_homepage_url[https://xa.anjuke.com] anjuke_rent_url[https://xa.zu.anjuke.com/] ok!
[2018-05-19 12:56:13,656][HousePriceAnalysis.py:81]:INFO: Replace table[city_info] city_name[烟台], anjuke_homepage_url[https://yt.anjuke.com] anjuke_rent_url[https://yt.zu.anjuke.com/] ok!
[2018-05-19 12:56:13,665][HousePriceAnalysis.py:81]:INFO: Replace table[city_info] city_name[郑州], anjuke_homepage_url[https://zhengzhou.anjuke.com] anjuke_rent_url[https://zz.zu.anjuke.com/] ok!
[2018-05-19 12:56:13,674][HousePriceAnalysis.py:81]:INFO: Replace table[city_info] city_name[阿坝州], anjuke_homepage_url[https://chengdu.anjuke.com] anjuke_rent_url[https://cd.zu.anjuke.com/] ok!
[2018-05-19 12:57:05,314][HousePriceAnalysis.py:81]:INFO: insert table[city_info] city_name[鞍山], anjuke_homepage_url[https://anshan.anjuke.com] anjuke_rent_url[https://as.zu.anjuke.com/] ok!
[2018-05-19 12:57:05,324][HousePriceAnalysis.py:81]:INFO: insert table[city_info] city_name[北京], anjuke_homepage_url[https://beijing.anjuke.com] anjuke_rent_url[https://bj.zu.anjuke.com/] ok!
[2018-05-19 12:57:05,380][HousePriceAnalysis.py:81]:INFO: insert table[city_info] city_name[成都], anjuke_homepage_url[https://chengdu.anjuke.com] anjuke_rent_url[https://cd.zu.anjuke.com/] ok!
[2018-05-19 12:57:05,390][HousePriceAnalysis.py:81]:INFO: insert table[city_info] city_name[大连], anjuke_homepage_url[https://dalian.anjuke.com] anjuke_rent_url[https://dl.zu.anjuke.com/] ok!
[2018-05-19 12:57:05,401][HousePriceAnalysis.py:81]:INFO: insert table[city_info] city_name[鄂尔多斯], anjuke_homepage_url[https://eerduosi.anjuke.com] anjuke_rent_url[https://eeds.zu.anjuke.com/] ok!
[2018-05-19 12:57:05,439][HousePriceAnalysis.py:81]:INFO: insert table[city_info] city_name[佛山], anjuke_homepage_url[https://foshan.anjuke.com] anjuke_rent_url[https://fs.zu.anjuke.com/] ok!
[2018-05-19 12:57:05,460][HousePriceAnalysis.py:81]:INFO: insert table[city_info] city_name[广州], anjuke_homepage_url[https://guangzhou.anjuke.com] anjuke_rent_url[https://gz.zu.anjuke.com/] ok!
[2018-05-19 12:57:05,472][HousePriceAnalysis.py:81]:INFO: insert table[city_info] city_name[杭州], anjuke_homepage_url[https://hangzhou.anjuke.com] anjuke_rent_url[https://hz.zu.anjuke.com/] ok!
[2018-05-19 12:57:05,482][HousePriceAnalysis.py:81]:INFO: insert table[city_info] city_name[济南], anjuke_homepage_url[https://jinan.anjuke.com] anjuke_rent_url[https://jn.zu.anjuke.com/] ok!
[2018-05-19 12:57:05,492][HousePriceAnalysis.py:81]:INFO: insert table[city_info] city_name[昆明], anjuke_homepage_url[https://km.anjuke.com] anjuke_rent_url[https://km.zu.anjuke.com/] ok!
[2018-05-19 12:57:05,525][HousePriceAnalysis.py:81]:INFO: insert table[city_info] city_name[兰州], anjuke_homepage_url[https://lanzhou.anjuke.com] anjuke_rent_url[https://lz.zu.anjuke.com/] ok!
[2018-05-19 12:57:05,549][HousePriceAnalysis.py:81]:INFO: insert table[city_info] city_name[绵阳], anjuke_homepage_url[https://mianyang.anjuke.com] anjuke_rent_url[https://mian.zu.anjuke.com/] ok!
[2018-05-19 12:57:05,559][HousePriceAnalysis.py:81]:INFO: insert table[city_info] city_name[南京], anjuke_homepage_url[https://nanjing.anjuke.com] anjuke_rent_url[https://nj.zu.anjuke.com/] ok!
[2018-05-19 12:57:05,570][HousePriceAnalysis.py:81]:INFO: insert table[city_info] city_name[攀枝花], anjuke_homepage_url[https://panzhihua.anjuke.com] anjuke_rent_url[https://pzh.zu.anjuke.com/] ok!
[2018-05-19 12:57:05,581][HousePriceAnalysis.py:81]:INFO: insert table[city_info] city_name[青岛], anjuke_homepage_url[https://qd.anjuke.com] anjuke_rent_url[https://qd.zu.anjuke.com/] ok!
[2018-05-19 12:57:05,615][HousePriceAnalysis.py:81]:INFO: insert table[city_info] city_name[日照], anjuke_homepage_url[https://rizhao.anjuke.com] anjuke_rent_url[https://rz.zu.anjuke.com/] ok!
[2018-05-19 12:57:05,638][HousePriceAnalysis.py:81]:INFO: insert table[city_info] city_name[上海], anjuke_homepage_url[https://shanghai.anjuke.com] anjuke_rent_url[https://sh.zu.anjuke.com/] ok!
[2018-05-19 12:57:05,648][HousePriceAnalysis.py:81]:INFO: insert table[city_info] city_name[天津], anjuke_homepage_url[https://tianjin.anjuke.com] anjuke_rent_url[https://tj.zu.anjuke.com/] ok!
[2018-05-19 12:57:05,659][HousePriceAnalysis.py:81]:INFO: insert table[city_info] city_name[武汉], anjuke_homepage_url[https://wuhan.anjuke.com] anjuke_rent_url[https://wh.zu.anjuke.com/] ok!
[2018-05-19 12:57:05,670][HousePriceAnalysis.py:81]:INFO: insert table[city_info] city_name[西安], anjuke_homepage_url[https://xa.anjuke.com] anjuke_rent_url[https://xa.zu.anjuke.com/] ok!
[2018-05-19 12:57:05,681][HousePriceAnalysis.py:81]:INFO: insert table[city_info] city_name[烟台], anjuke_homepage_url[https://yt.anjuke.com] anjuke_rent_url[https://yt.zu.anjuke.com/] ok!
[2018-05-19 12:57:05,692][HousePriceAnalysis.py:81]:INFO: insert table[city_info] city_name[郑州], anjuke_homepage_url[https://zhengzhou.anjuke.com] anjuke_rent_url[https://zz.zu.anjuke.com/] ok!
[2018-05-19 12:57:05,702][HousePriceAnalysis.py:81]:INFO: insert table[city_info] city_name[阿坝州], anjuke_homepage_url[https://chengdu.anjuke.com] anjuke_rent_url[https://cd.zu.anjuke.com/] ok!
[2018-05-19 13:05:01,601][HousePriceAnalysis.py:85]:INFO: insert table[city_info] city_name[鞍山], anjuke_homepage_url[https://anshan.anjuke.com] anjuke_rent_url[https://as.zu.anjuke.com/] ok!
[2018-05-19 13:05:01,612][HousePriceAnalysis.py:85]:INFO: insert table[city_info] city_name[北京], anjuke_homepage_url[https://beijing.anjuke.com] anjuke_rent_url[https://bj.zu.anjuke.com/] ok!
[2018-05-19 13:05:01,622][HousePriceAnalysis.py:85]:INFO: insert table[city_info] city_name[成都], anjuke_homepage_url[https://chengdu.anjuke.com] anjuke_rent_url[https://cd.zu.anjuke.com/] ok!
[2018-05-19 13:05:01,631][HousePriceAnalysis.py:85]:INFO: insert table[city_info] city_name[大连], anjuke_homepage_url[https://dalian.anjuke.com] anjuke_rent_url[https://dl.zu.anjuke.com/] ok!
[2018-05-19 13:05:01,640][HousePriceAnalysis.py:85]:INFO: insert table[city_info] city_name[鄂尔多斯], anjuke_homepage_url[https://eerduosi.anjuke.com] anjuke_rent_url[https://eeds.zu.anjuke.com/] ok!
[2018-05-19 13:05:01,650][HousePriceAnalysis.py:85]:INFO: insert table[city_info] city_name[佛山], anjuke_homepage_url[https://foshan.anjuke.com] anjuke_rent_url[https://fs.zu.anjuke.com/] ok!
[2018-05-19 13:05:01,661][HousePriceAnalysis.py:85]:INFO: insert table[city_info] city_name[广州], anjuke_homepage_url[https://guangzhou.anjuke.com] anjuke_rent_url[https://gz.zu.anjuke.com/] ok!
[2018-05-19 13:05:01,670][HousePriceAnalysis.py:85]:INFO: insert table[city_info] city_name[杭州], anjuke_homepage_url[https://hangzhou.anjuke.com] anjuke_rent_url[https://hz.zu.anjuke.com/] ok!
[2018-05-19 13:05:01,704][HousePriceAnalysis.py:85]:INFO: insert table[city_info] city_name[济南], anjuke_homepage_url[https://jinan.anjuke.com] anjuke_rent_url[https://jn.zu.anjuke.com/] ok!
[2018-05-19 13:05:01,714][HousePriceAnalysis.py:85]:INFO: insert table[city_info] city_name[昆明], anjuke_homepage_url[https://km.anjuke.com] anjuke_rent_url[https://km.zu.anjuke.com/] ok!
[2018-05-19 13:05:01,725][HousePriceAnalysis.py:85]:INFO: insert table[city_info] city_name[兰州], anjuke_homepage_url[https://lanzhou.anjuke.com] anjuke_rent_url[https://lz.zu.anjuke.com/] ok!
[2018-05-19 13:05:01,735][HousePriceAnalysis.py:85]:INFO: insert table[city_info] city_name[绵阳], anjuke_homepage_url[https://mianyang.anjuke.com] anjuke_rent_url[https://mian.zu.anjuke.com/] ok!
[2018-05-19 13:05:01,745][HousePriceAnalysis.py:85]:INFO: insert table[city_info] city_name[南京], anjuke_homepage_url[https://nanjing.anjuke.com] anjuke_rent_url[https://nj.zu.anjuke.com/] ok!
[2018-05-19 13:05:01,786][HousePriceAnalysis.py:85]:INFO: insert table[city_info] city_name[攀枝花], anjuke_homepage_url[https://panzhihua.anjuke.com] anjuke_rent_url[https://pzh.zu.anjuke.com/] ok!
[2018-05-19 13:05:01,796][HousePriceAnalysis.py:85]:INFO: insert table[city_info] city_name[青岛], anjuke_homepage_url[https://qd.anjuke.com] anjuke_rent_url[https://qd.zu.anjuke.com/] ok!
[2018-05-19 13:05:01,831][HousePriceAnalysis.py:85]:INFO: insert table[city_info] city_name[日照], anjuke_homepage_url[https://rizhao.anjuke.com] anjuke_rent_url[https://rz.zu.anjuke.com/] ok!
[2018-05-19 13:05:01,840][HousePriceAnalysis.py:85]:INFO: insert table[city_info] city_name[上海], anjuke_homepage_url[https://shanghai.anjuke.com] anjuke_rent_url[https://sh.zu.anjuke.com/] ok!
[2018-05-19 13:05:01,876][HousePriceAnalysis.py:85]:INFO: insert table[city_info] city_name[天津], anjuke_homepage_url[https://tianjin.anjuke.com] anjuke_rent_url[https://tj.zu.anjuke.com/] ok!
[2018-05-19 13:05:01,909][HousePriceAnalysis.py:85]:INFO: insert table[city_info] city_name[武汉], anjuke_homepage_url[https://wuhan.anjuke.com] anjuke_rent_url[https://wh.zu.anjuke.com/] ok!
[2018-05-19 13:05:01,942][HousePriceAnalysis.py:85]:INFO: insert table[city_info] city_name[西安], anjuke_homepage_url[https://xa.anjuke.com] anjuke_rent_url[https://xa.zu.anjuke.com/] ok!
[2018-05-19 13:05:01,976][HousePriceAnalysis.py:85]:INFO: insert table[city_info] city_name[烟台], anjuke_homepage_url[https://yt.anjuke.com] anjuke_rent_url[https://yt.zu.anjuke.com/] ok!
[2018-05-19 13:05:02,010][HousePriceAnalysis.py:85]:INFO: insert table[city_info] city_name[郑州], anjuke_homepage_url[https://zhengzhou.anjuke.com] anjuke_rent_url[https://zz.zu.anjuke.com/] ok!
[2018-05-19 13:05:02,031][HousePriceAnalysis.py:85]:INFO: insert table[city_info] city_name[阿坝州], anjuke_homepage_url[https://chengdu.anjuke.com] anjuke_rent_url[https://cd.zu.anjuke.com/] ok!
[2018-05-19 13:09:29,869][HousePriceAnalysis.py:85]:INFO: insert table[city_info] city_name[鞍山], anjuke_homepage_url[https://anshan.anjuke.com] anjuke_rent_url[https://as.zu.anjuke.com/] ok!
[2018-05-19 13:09:29,870][HousePriceAnalysis.py:85]:INFO: insert table[city_info] city_name[北京], anjuke_homepage_url[https://beijing.anjuke.com] anjuke_rent_url[https://bj.zu.anjuke.com/] ok!
[2018-05-19 13:09:29,871][HousePriceAnalysis.py:85]:INFO: insert table[city_info] city_name[成都], anjuke_homepage_url[https://chengdu.anjuke.com] anjuke_rent_url[https://cd.zu.anjuke.com/] ok!
[2018-05-19 13:09:29,872][HousePriceAnalysis.py:85]:INFO: insert table[city_info] city_name[大连], anjuke_homepage_url[https://dalian.anjuke.com] anjuke_rent_url[https://dl.zu.anjuke.com/] ok!
[2018-05-19 13:09:29,873][HousePriceAnalysis.py:85]:INFO: insert table[city_info] city_name[鄂尔多斯], anjuke_homepage_url[https://eerduosi.anjuke.com] anjuke_rent_url[https://eeds.zu.anjuke.com/] ok!
[2018-05-19 13:09:29,874][HousePriceAnalysis.py:85]:INFO: insert table[city_info] city_name[佛山], anjuke_homepage_url[https://foshan.anjuke.com] anjuke_rent_url[https://fs.zu.anjuke.com/] ok!
[2018-05-19 13:09:29,875][HousePriceAnalysis.py:85]:INFO: insert table[city_info] city_name[广州], anjuke_homepage_url[https://guangzhou.anjuke.com] anjuke_rent_url[https://gz.zu.anjuke.com/] ok!
[2018-05-19 13:09:29,876][HousePriceAnalysis.py:85]:INFO: insert table[city_info] city_name[杭州], anjuke_homepage_url[https://hangzhou.anjuke.com] anjuke_rent_url[https://hz.zu.anjuke.com/] ok!
[2018-05-19 13:09:29,877][HousePriceAnalysis.py:85]:INFO: insert table[city_info] city_name[济南], anjuke_homepage_url[https://jinan.anjuke.com] anjuke_rent_url[https://jn.zu.anjuke.com/] ok!
[2018-05-19 13:09:29,895][HousePriceAnalysis.py:85]:INFO: insert table[city_info] city_name[昆明], anjuke_homepage_url[https://km.anjuke.com] anjuke_rent_url[https://km.zu.anjuke.com/] ok!
[2018-05-19 13:09:29,897][HousePriceAnalysis.py:85]:INFO: insert table[city_info] city_name[兰州], anjuke_homepage_url[https://lanzhou.anjuke.com] anjuke_rent_url[https://lz.zu.anjuke.com/] ok!
[2018-05-19 13:09:29,898][HousePriceAnalysis.py:85]:INFO: insert table[city_info] city_name[绵阳], anjuke_homepage_url[https://mianyang.anjuke.com] anjuke_rent_url[https://mian.zu.anjuke.com/] ok!
[2018-05-19 13:09:29,900][HousePriceAnalysis.py:85]:INFO: insert table[city_info] city_name[南京], anjuke_homepage_url[https://nanjing.anjuke.com] anjuke_rent_url[https://nj.zu.anjuke.com/] ok!
[2018-05-19 13:09:29,901][HousePriceAnalysis.py:85]:INFO: insert table[city_info] city_name[攀枝花], anjuke_homepage_url[https://panzhihua.anjuke.com] anjuke_rent_url[https://pzh.zu.anjuke.com/] ok!
[2018-05-19 13:09:29,903][HousePriceAnalysis.py:85]:INFO: insert table[city_info] city_name[青岛], anjuke_homepage_url[https://qd.anjuke.com] anjuke_rent_url[https://qd.zu.anjuke.com/] ok!
[2018-05-19 13:09:29,905][HousePriceAnalysis.py:85]:INFO: insert table[city_info] city_name[日照], anjuke_homepage_url[https://rizhao.anjuke.com] anjuke_rent_url[https://rz.zu.anjuke.com/] ok!
[2018-05-19 13:09:29,906][HousePriceAnalysis.py:85]:INFO: insert table[city_info] city_name[上海], anjuke_homepage_url[https://shanghai.anjuke.com] anjuke_rent_url[https://sh.zu.anjuke.com/] ok!
[2018-05-19 13:09:29,908][HousePriceAnalysis.py:85]:INFO: insert table[city_info] city_name[天津], anjuke_homepage_url[https://tianjin.anjuke.com] anjuke_rent_url[https://tj.zu.anjuke.com/] ok!
[2018-05-19 13:09:29,909][HousePriceAnalysis.py:85]:INFO: insert table[city_info] city_name[武汉], anjuke_homepage_url[https://wuhan.anjuke.com] anjuke_rent_url[https://wh.zu.anjuke.com/] ok!
[2018-05-19 13:09:29,910][HousePriceAnalysis.py:85]:INFO: insert table[city_info] city_name[西安], anjuke_homepage_url[https://xa.anjuke.com] anjuke_rent_url[https://xa.zu.anjuke.com/] ok!
[2018-05-19 13:09:29,911][HousePriceAnalysis.py:85]:INFO: insert table[city_info] city_name[烟台], anjuke_homepage_url[https://yt.anjuke.com] anjuke_rent_url[https://yt.zu.anjuke.com/] ok!
[2018-05-19 13:09:29,912][HousePriceAnalysis.py:85]:INFO: insert table[city_info] city_name[郑州], anjuke_homepage_url[https://zhengzhou.anjuke.com] anjuke_rent_url[https://zz.zu.anjuke.com/] ok!
[2018-05-19 13:09:29,913][HousePriceAnalysis.py:85]:INFO: insert table[city_info] city_name[阿坝州], anjuke_homepage_url[https://chengdu.anjuke.com] anjuke_rent_url[https://cd.zu.anjuke.com/] ok!
[2018-05-19 13:13:30,858][HousePriceAnalysis.py:85]:INFO: insert table[city_info] city_name[鞍山], anjuke_homepage_url[https://anshan.anjuke.com] anjuke_rent_url[https://as.zu.anjuke.com/] ok!
[2018-05-19 13:13:30,871][HousePriceAnalysis.py:85]:INFO: insert table[city_info] city_name[北京], anjuke_homepage_url[https://beijing.anjuke.com] anjuke_rent_url[https://bj.zu.anjuke.com/] ok!
[2018-05-19 13:13:30,886][HousePriceAnalysis.py:85]:INFO: insert table[city_info] city_name[成都], anjuke_homepage_url[https://chengdu.anjuke.com] anjuke_rent_url[https://cd.zu.anjuke.com/] ok!
[2018-05-19 13:13:30,894][HousePriceAnalysis.py:85]:INFO: insert table[city_info] city_name[大连], anjuke_homepage_url[https://dalian.anjuke.com] anjuke_rent_url[https://dl.zu.anjuke.com/] ok!
[2018-05-19 13:13:30,903][HousePriceAnalysis.py:85]:INFO: insert table[city_info] city_name[鄂尔多斯], anjuke_homepage_url[https://eerduosi.anjuke.com] anjuke_rent_url[https://eeds.zu.anjuke.com/] ok!
[2018-05-19 13:13:30,906][HousePriceAnalysis.py:85]:INFO: insert table[city_info] city_name[佛山], anjuke_homepage_url[https://foshan.anjuke.com] anjuke_rent_url[https://fs.zu.anjuke.com/] ok!
[2018-05-19 13:13:30,909][HousePriceAnalysis.py:85]:INFO: insert table[city_info] city_name[广州], anjuke_homepage_url[https://guangzhou.anjuke.com] anjuke_rent_url[https://gz.zu.anjuke.com/] ok!
[2018-05-19 13:13:30,912][HousePriceAnalysis.py:85]:INFO: insert table[city_info] city_name[杭州], anjuke_homepage_url[https://hangzhou.anjuke.com] anjuke_rent_url[https://hz.zu.anjuke.com/] ok!
[2018-05-19 13:13:30,915][HousePriceAnalysis.py:85]:INFO: insert table[city_info] city_name[济南], anjuke_homepage_url[https://jinan.anjuke.com] anjuke_rent_url[https://jn.zu.anjuke.com/] ok!
[2018-05-19 13:13:30,917][HousePriceAnalysis.py:85]:INFO: insert table[city_info] city_name[昆明], anjuke_homepage_url[https://km.anjuke.com] anjuke_rent_url[https://km.zu.anjuke.com/] ok!
[2018-05-19 13:13:30,920][HousePriceAnalysis.py:85]:INFO: insert table[city_info] city_name[兰州], anjuke_homepage_url[https://lanzhou.anjuke.com] anjuke_rent_url[https://lz.zu.anjuke.com/] ok!
[2018-05-19 13:13:30,943][HousePriceAnalysis.py:85]:INFO: insert table[city_info] city_name[绵阳], anjuke_homepage_url[https://mianyang.anjuke.com] anjuke_rent_url[https://mian.zu.anjuke.com/] ok!
[2018-05-19 13:13:30,945][HousePriceAnalysis.py:85]:INFO: insert table[city_info] city_name[南京], anjuke_homepage_url[https://nanjing.anjuke.com] anjuke_rent_url[https://nj.zu.anjuke.com/] ok!
[2018-05-19 13:13:30,947][HousePriceAnalysis.py:85]:INFO: insert table[city_info] city_name[攀枝花], anjuke_homepage_url[https://panzhihua.anjuke.com] anjuke_rent_url[https://pzh.zu.anjuke.com/] ok!
[2018-05-19 13:13:30,949][HousePriceAnalysis.py:85]:INFO: insert table[city_info] city_name[青岛], anjuke_homepage_url[https://qd.anjuke.com] anjuke_rent_url[https://qd.zu.anjuke.com/] ok!
[2018-05-19 13:13:30,951][HousePriceAnalysis.py:85]:INFO: insert table[city_info] city_name[日照], anjuke_homepage_url[https://rizhao.anjuke.com] anjuke_rent_url[https://rz.zu.anjuke.com/] ok!
[2018-05-19 13:13:30,953][HousePriceAnalysis.py:85]:INFO: insert table[city_info] city_name[上海], anjuke_homepage_url[https://shanghai.anjuke.com] anjuke_rent_url[https://sh.zu.anjuke.com/] ok!
[2018-05-19 13:13:30,986][HousePriceAnalysis.py:85]:INFO: insert table[city_info] city_name[天津], anjuke_homepage_url[https://tianjin.anjuke.com] anjuke_rent_url[https://tj.zu.anjuke.com/] ok!
[2018-05-19 13:13:30,988][HousePriceAnalysis.py:85]:INFO: insert table[city_info] city_name[武汉], anjuke_homepage_url[https://wuhan.anjuke.com] anjuke_rent_url[https://wh.zu.anjuke.com/] ok!
[2018-05-19 13:13:30,994][HousePriceAnalysis.py:85]:INFO: insert table[city_info] city_name[西安], anjuke_homepage_url[https://xa.anjuke.com] anjuke_rent_url[https://xa.zu.anjuke.com/] ok!
[2018-05-19 13:13:30,997][HousePriceAnalysis.py:85]:INFO: insert table[city_info] city_name[烟台], anjuke_homepage_url[https://yt.anjuke.com] anjuke_rent_url[https://yt.zu.anjuke.com/] ok!
[2018-05-19 13:13:31,000][HousePriceAnalysis.py:85]:INFO: insert table[city_info] city_name[郑州], anjuke_homepage_url[https://zhengzhou.anjuke.com] anjuke_rent_url[https://zz.zu.anjuke.com/] ok!
[2018-05-19 13:13:31,003][HousePriceAnalysis.py:85]:INFO: insert table[city_info] city_name[阿坝州], anjuke_homepage_url[https://chengdu.anjuke.com] anjuke_rent_url[https://cd.zu.anjuke.com/] ok!
[2018-05-19 13:19:19,411][HousePriceAnalysis.py:88]:ERROR: insert table[city_info] city_info city_name[鞍山], anjuke_homepage_url[https://anshan.anjuke.com] anjuke_rent_url[https://as.zu.anjuke.com/] failed! error[Duplicate entry '鞍山' for key 'city_name']
[2018-05-19 13:19:19,414][HousePriceAnalysis.py:88]:ERROR: insert table[city_info] city_info city_name[北京], anjuke_homepage_url[https://beijing.anjuke.com] anjuke_rent_url[https://bj.zu.anjuke.com/] failed! error[Duplicate entry '北京' for key 'city_name']
[2018-05-19 13:19:19,417][HousePriceAnalysis.py:88]:ERROR: insert table[city_info] city_info city_name[成都], anjuke_homepage_url[https://chengdu.anjuke.com] anjuke_rent_url[https://cd.zu.anjuke.com/] failed! error[Duplicate entry '成都' for key 'city_name']
[2018-05-19 13:19:19,432][HousePriceAnalysis.py:88]:ERROR: insert table[city_info] city_info city_name[大连], anjuke_homepage_url[https://dalian.anjuke.com] anjuke_rent_url[https://dl.zu.anjuke.com/] failed! error[Duplicate entry '大连' for key 'city_name']
[2018-05-19 13:19:19,434][HousePriceAnalysis.py:88]:ERROR: insert table[city_info] city_info city_name[鄂尔多斯], anjuke_homepage_url[https://eerduosi.anjuke.com] anjuke_rent_url[https://eeds.zu.anjuke.com/] failed! error[Duplicate entry '鄂尔多斯' for key 'city_name']
[2018-05-19 13:19:19,440][HousePriceAnalysis.py:88]:ERROR: insert table[city_info] city_info city_name[佛山], anjuke_homepage_url[https://foshan.anjuke.com] anjuke_rent_url[https://fs.zu.anjuke.com/] failed! error[Duplicate entry '佛山' for key 'city_name']
[2018-05-19 13:19:19,444][HousePriceAnalysis.py:88]:ERROR: insert table[city_info] city_info city_name[广州], anjuke_homepage_url[https://guangzhou.anjuke.com] anjuke_rent_url[https://gz.zu.anjuke.com/] failed! error[Duplicate entry '广州' for key 'city_name']
[2018-05-19 13:19:19,456][HousePriceAnalysis.py:88]:ERROR: insert table[city_info] city_info city_name[杭州], anjuke_homepage_url[https://hangzhou.anjuke.com] anjuke_rent_url[https://hz.zu.anjuke.com/] failed! error[Duplicate entry '杭州' for key 'city_name']
[2018-05-19 13:19:19,460][HousePriceAnalysis.py:88]:ERROR: insert table[city_info] city_info city_name[济南], anjuke_homepage_url[https://jinan.anjuke.com] anjuke_rent_url[https://jn.zu.anjuke.com/] failed! error[Duplicate entry '济南' for key 'city_name']
[2018-05-19 13:19:19,470][HousePriceAnalysis.py:88]:ERROR: insert table[city_info] city_info city_name[昆明], anjuke_homepage_url[https://km.anjuke.com] anjuke_rent_url[https://km.zu.anjuke.com/] failed! error[Duplicate entry '昆明' for key 'city_name']
[2018-05-19 13:19:19,472][HousePriceAnalysis.py:88]:ERROR: insert table[city_info] city_info city_name[兰州], anjuke_homepage_url[https://lanzhou.anjuke.com] anjuke_rent_url[https://lz.zu.anjuke.com/] failed! error[Duplicate entry '兰州' for key 'city_name']
[2018-05-19 13:19:19,475][HousePriceAnalysis.py:88]:ERROR: insert table[city_info] city_info city_name[绵阳], anjuke_homepage_url[https://mianyang.anjuke.com] anjuke_rent_url[https://mian.zu.anjuke.com/] failed! error[Duplicate entry '绵阳' for key 'city_name']
[2018-05-19 13:19:19,477][HousePriceAnalysis.py:88]:ERROR: insert table[city_info] city_info city_name[南京], anjuke_homepage_url[https://nanjing.anjuke.com] anjuke_rent_url[https://nj.zu.anjuke.com/] failed! error[Duplicate entry '南京' for key 'city_name']
[2018-05-19 13:19:19,479][HousePriceAnalysis.py:88]:ERROR: insert table[city_info] city_info city_name[攀枝花], anjuke_homepage_url[https://panzhihua.anjuke.com] anjuke_rent_url[https://pzh.zu.anjuke.com/] failed! error[Duplicate entry '攀枝花' for key 'city_name']
[2018-05-19 13:19:19,481][HousePriceAnalysis.py:88]:ERROR: insert table[city_info] city_info city_name[青岛], anjuke_homepage_url[https://qd.anjuke.com] anjuke_rent_url[https://qd.zu.anjuke.com/] failed! error[Duplicate entry '青岛' for key 'city_name']
[2018-05-19 13:19:19,484][HousePriceAnalysis.py:88]:ERROR: insert table[city_info] city_info city_name[日照], anjuke_homepage_url[https://rizhao.anjuke.com] anjuke_rent_url[https://rz.zu.anjuke.com/] failed! error[Duplicate entry '日照' for key 'city_name']
[2018-05-19 13:19:19,486][HousePriceAnalysis.py:88]:ERROR: insert table[city_info] city_info city_name[上海], anjuke_homepage_url[https://shanghai.anjuke.com] anjuke_rent_url[https://sh.zu.anjuke.com/] failed! error[Duplicate entry '上海' for key 'city_name']
[2018-05-19 13:19:19,488][HousePriceAnalysis.py:88]:ERROR: insert table[city_info] city_info city_name[天津], anjuke_homepage_url[https://tianjin.anjuke.com] anjuke_rent_url[https://tj.zu.anjuke.com/] failed! error[Duplicate entry '天津' for key 'city_name']
[2018-05-19 13:19:19,490][HousePriceAnalysis.py:88]:ERROR: insert table[city_info] city_info city_name[武汉], anjuke_homepage_url[https://wuhan.anjuke.com] anjuke_rent_url[https://wh.zu.anjuke.com/] failed! error[Duplicate entry '武汉' for key 'city_name']
[2018-05-19 13:19:19,493][HousePriceAnalysis.py:88]:ERROR: insert table[city_info] city_info city_name[西安], anjuke_homepage_url[https://xa.anjuke.com] anjuke_rent_url[https://xa.zu.anjuke.com/] failed! error[Duplicate entry '西安' for key 'city_name']
[2018-05-19 13:19:19,495][HousePriceAnalysis.py:88]:ERROR: insert table[city_info] city_info city_name[烟台], anjuke_homepage_url[https://yt.anjuke.com] anjuke_rent_url[https://yt.zu.anjuke.com/] failed! error[Duplicate entry '烟台' for key 'city_name']
[2018-05-19 13:19:19,497][HousePriceAnalysis.py:88]:ERROR: insert table[city_info] city_info city_name[郑州], anjuke_homepage_url[https://zhengzhou.anjuke.com] anjuke_rent_url[https://zz.zu.anjuke.com/] failed! error[Duplicate entry '郑州' for key 'city_name']
[2018-05-19 13:19:19,499][HousePriceAnalysis.py:88]:ERROR: insert table[city_info] city_info city_name[阿坝州], anjuke_homepage_url[https://chengdu.anjuke.com] anjuke_rent_url[https://cd.zu.anjuke.com/] failed! error[Duplicate entry '阿坝州' for key 'city_name']
[2018-05-19 13:20:45,710][HousePriceAnalysis.py:88]:ERROR: insert table[city_info] city_info city_name[鞍山], anjuke_homepage_url[https://anshan.anjuke.com] anjuke_rent_url[https://as.zu.anjuke.com/] failed! error[Duplicate entry '鞍山' for key 'city_name']
[2018-05-19 13:20:45,713][HousePriceAnalysis.py:88]:ERROR: insert table[city_info] city_info city_name[北京], anjuke_homepage_url[https://beijing.anjuke.com] anjuke_rent_url[https://bj.zu.anjuke.com/] failed! error[Duplicate entry '北京' for key 'city_name']
[2018-05-19 13:20:45,716][HousePriceAnalysis.py:88]:ERROR: insert table[city_info] city_info city_name[成都], anjuke_homepage_url[https://chengdu.anjuke.com] anjuke_rent_url[https://cd.zu.anjuke.com/] failed! error[Duplicate entry '成都' for key 'city_name']
[2018-05-19 13:20:45,718][HousePriceAnalysis.py:88]:ERROR: insert table[city_info] city_info city_name[大连], anjuke_homepage_url[https://dalian.anjuke.com] anjuke_rent_url[https://dl.zu.anjuke.com/] failed! error[Duplicate entry '大连' for key 'city_name']
[2018-05-19 13:20:45,722][HousePriceAnalysis.py:88]:ERROR: insert table[city_info] city_info city_name[鄂尔多斯], anjuke_homepage_url[https://eerduosi.anjuke.com] anjuke_rent_url[https://eeds.zu.anjuke.com/] failed! error[Duplicate entry '鄂尔多斯' for key 'city_name']
[2018-05-19 13:20:45,725][HousePriceAnalysis.py:88]:ERROR: insert table[city_info] city_info city_name[佛山], anjuke_homepage_url[https://foshan.anjuke.com] anjuke_rent_url[https://fs.zu.anjuke.com/] failed! error[Duplicate entry '佛山' for key 'city_name']
[2018-05-19 13:20:45,727][HousePriceAnalysis.py:88]:ERROR: insert table[city_info] city_info city_name[广州], anjuke_homepage_url[https://guangzhou.anjuke.com] anjuke_rent_url[https://gz.zu.anjuke.com/] failed! error[Duplicate entry '广州' for key 'city_name']
[2018-05-19 13:20:45,730][HousePriceAnalysis.py:88]:ERROR: insert table[city_info] city_info city_name[杭州], anjuke_homepage_url[https://hangzhou.anjuke.com] anjuke_rent_url[https://hz.zu.anjuke.com/] failed! error[Duplicate entry '杭州' for key 'city_name']
[2018-05-19 13:20:45,733][HousePriceAnalysis.py:88]:ERROR: insert table[city_info] city_info city_name[济南], anjuke_homepage_url[https://jinan.anjuke.com] anjuke_rent_url[https://jn.zu.anjuke.com/] failed! error[Duplicate entry '济南' for key 'city_name']
[2018-05-19 13:20:45,736][HousePriceAnalysis.py:88]:ERROR: insert table[city_info] city_info city_name[昆明], anjuke_homepage_url[https://km.anjuke.com] anjuke_rent_url[https://km.zu.anjuke.com/] failed! error[Duplicate entry '昆明' for key 'city_name']
[2018-05-19 13:20:45,738][HousePriceAnalysis.py:88]:ERROR: insert table[city_info] city_info city_name[兰州], anjuke_homepage_url[https://lanzhou.anjuke.com] anjuke_rent_url[https://lz.zu.anjuke.com/] failed! error[Duplicate entry '兰州' for key 'city_name']
[2018-05-19 13:20:45,742][HousePriceAnalysis.py:88]:ERROR: insert table[city_info] city_info city_name[绵阳], anjuke_homepage_url[https://mianyang.anjuke.com] anjuke_rent_url[https://mian.zu.anjuke.com/] failed! error[Duplicate entry '绵阳' for key 'city_name']
[2018-05-19 13:20:45,745][HousePriceAnalysis.py:88]:ERROR: insert table[city_info] city_info city_name[南京], anjuke_homepage_url[https://nanjing.anjuke.com] anjuke_rent_url[https://nj.zu.anjuke.com/] failed! error[Duplicate entry '南京' for key 'city_name']
[2018-05-19 13:20:45,748][HousePriceAnalysis.py:88]:ERROR: insert table[city_info] city_info city_name[攀枝花], anjuke_homepage_url[https://panzhihua.anjuke.com] anjuke_rent_url[https://pzh.zu.anjuke.com/] failed! error[Duplicate entry '攀枝花' for key 'city_name']
[2018-05-19 13:20:45,750][HousePriceAnalysis.py:88]:ERROR: insert table[city_info] city_info city_name[青岛], anjuke_homepage_url[https://qd.anjuke.com] anjuke_rent_url[https://qd.zu.anjuke.com/] failed! error[Duplicate entry '青岛' for key 'city_name']
[2018-05-19 13:20:45,753][HousePriceAnalysis.py:88]:ERROR: insert table[city_info] city_info city_name[日照], anjuke_homepage_url[https://rizhao.anjuke.com] anjuke_rent_url[https://rz.zu.anjuke.com/] failed! error[Duplicate entry '日照' for key 'city_name']
[2018-05-19 13:20:45,757][HousePriceAnalysis.py:88]:ERROR: insert table[city_info] city_info city_name[上海], anjuke_homepage_url[https://shanghai.anjuke.com] anjuke_rent_url[https://sh.zu.anjuke.com/] failed! error[Duplicate entry '上海' for key 'city_name']
[2018-05-19 13:20:45,760][HousePriceAnalysis.py:88]:ERROR: insert table[city_info] city_info city_name[天津], anjuke_homepage_url[https://tianjin.anjuke.com] anjuke_rent_url[https://tj.zu.anjuke.com/] failed! error[Duplicate entry '天津' for key 'city_name']
[2018-05-19 13:20:45,763][HousePriceAnalysis.py:88]:ERROR: insert table[city_info] city_info city_name[武汉], anjuke_homepage_url[https://wuhan.anjuke.com] anjuke_rent_url[https://wh.zu.anjuke.com/] failed! error[Duplicate entry '武汉' for key 'city_name']
[2018-05-19 13:20:45,765][HousePriceAnalysis.py:88]:ERROR: insert table[city_info] city_info city_name[西安], anjuke_homepage_url[https://xa.anjuke.com] anjuke_rent_url[https://xa.zu.anjuke.com/] failed! error[Duplicate entry '西安' for key 'city_name']
[2018-05-19 13:20:45,768][HousePriceAnalysis.py:88]:ERROR: insert table[city_info] city_info city_name[烟台], anjuke_homepage_url[https://yt.anjuke.com] anjuke_rent_url[https://yt.zu.anjuke.com/] failed! error[Duplicate entry '烟台' for key 'city_name']
[2018-05-19 13:20:45,771][HousePriceAnalysis.py:88]:ERROR: insert table[city_info] city_info city_name[郑州], anjuke_homepage_url[https://zhengzhou.anjuke.com] anjuke_rent_url[https://zz.zu.anjuke.com/] failed! error[Duplicate entry '郑州' for key 'city_name']
[2018-05-19 13:20:45,774][HousePriceAnalysis.py:88]:ERROR: insert table[city_info] city_info city_name[阿坝州], anjuke_homepage_url[https://chengdu.anjuke.com] anjuke_rent_url[https://cd.zu.anjuke.com/] failed! error[Duplicate entry '阿坝州' for key 'city_name']
[2018-05-19 13:23:16,249][HousePriceAnalysis.py:88]:ERROR: replace table[city_info] city_info city_name[鞍山], anjuke_homepage_url[https://anshan.anjuke.com] anjuke_rent_url[https://as.zu.anjuke.com/] failed! error[Duplicate entry '鞍山' for key 'city_name']
[2018-05-19 13:23:16,251][HousePriceAnalysis.py:88]:ERROR: replace table[city_info] city_info city_name[北京], anjuke_homepage_url[https://beijing.anjuke.com] anjuke_rent_url[https://bj.zu.anjuke.com/] failed! error[Duplicate entry '北京' for key 'city_name']
[2018-05-19 13:23:16,252][HousePriceAnalysis.py:88]:ERROR: replace table[city_info] city_info city_name[成都], anjuke_homepage_url[https://chengdu.anjuke.com] anjuke_rent_url[https://cd.zu.anjuke.com/] failed! error[Duplicate entry '成都' for key 'city_name']
[2018-05-19 13:23:16,254][HousePriceAnalysis.py:88]:ERROR: replace table[city_info] city_info city_name[大连], anjuke_homepage_url[https://dalian.anjuke.com] anjuke_rent_url[https://dl.zu.anjuke.com/] failed! error[Duplicate entry '大连' for key 'city_name']
[2018-05-19 13:23:16,255][HousePriceAnalysis.py:88]:ERROR: replace table[city_info] city_info city_name[鄂尔多斯], anjuke_homepage_url[https://eerduosi.anjuke.com] anjuke_rent_url[https://eeds.zu.anjuke.com/] failed! error[Duplicate entry '鄂尔多斯' for key 'city_name']
[2018-05-19 13:23:16,256][HousePriceAnalysis.py:88]:ERROR: replace table[city_info] city_info city_name[佛山], anjuke_homepage_url[https://foshan.anjuke.com] anjuke_rent_url[https://fs.zu.anjuke.com/] failed! error[Duplicate entry '佛山' for key 'city_name']
[2018-05-19 13:23:16,257][HousePriceAnalysis.py:88]:ERROR: replace table[city_info] city_info city_name[广州], anjuke_homepage_url[https://guangzhou.anjuke.com] anjuke_rent_url[https://gz.zu.anjuke.com/] failed! error[Duplicate entry '广州' for key 'city_name']
[2018-05-19 13:23:16,259][HousePriceAnalysis.py:88]:ERROR: replace table[city_info] city_info city_name[杭州], anjuke_homepage_url[https://hangzhou.anjuke.com] anjuke_rent_url[https://hz.zu.anjuke.com/] failed! error[Duplicate entry '杭州' for key 'city_name']
[2018-05-19 13:23:16,260][HousePriceAnalysis.py:88]:ERROR: replace table[city_info] city_info city_name[济南], anjuke_homepage_url[https://jinan.anjuke.com] anjuke_rent_url[https://jn.zu.anjuke.com/] failed! error[Duplicate entry '济南' for key 'city_name']
[2018-05-19 13:23:16,261][HousePriceAnalysis.py:88]:ERROR: replace table[city_info] city_info city_name[昆明], anjuke_homepage_url[https://km.anjuke.com] anjuke_rent_url[https://km.zu.anjuke.com/] failed! error[Duplicate entry '昆明' for key 'city_name']
[2018-05-19 13:23:16,264][HousePriceAnalysis.py:88]:ERROR: replace table[city_info] city_info city_name[兰州], anjuke_homepage_url[https://lanzhou.anjuke.com] anjuke_rent_url[https://lz.zu.anjuke.com/] failed! error[Duplicate entry '兰州' for key 'city_name']
[2018-05-19 13:23:16,265][HousePriceAnalysis.py:88]:ERROR: replace table[city_info] city_info city_name[绵阳], anjuke_homepage_url[https://mianyang.anjuke.com] anjuke_rent_url[https://mian.zu.anjuke.com/] failed! error[Duplicate entry '绵阳' for key 'city_name']
[2018-05-19 13:23:16,266][HousePriceAnalysis.py:88]:ERROR: replace table[city_info] city_info city_name[南京], anjuke_homepage_url[https://nanjing.anjuke.com] anjuke_rent_url[https://nj.zu.anjuke.com/] failed! error[Duplicate entry '南京' for key 'city_name']
[2018-05-19 13:23:16,267][HousePriceAnalysis.py:88]:ERROR: replace table[city_info] city_info city_name[攀枝花], anjuke_homepage_url[https://panzhihua.anjuke.com] anjuke_rent_url[https://pzh.zu.anjuke.com/] failed! error[Duplicate entry '攀枝花' for key 'city_name']
[2018-05-19 13:23:16,268][HousePriceAnalysis.py:88]:ERROR: replace table[city_info] city_info city_name[青岛], anjuke_homepage_url[https://qd.anjuke.com] anjuke_rent_url[https://qd.zu.anjuke.com/] failed! error[Duplicate entry '青岛' for key 'city_name']
[2018-05-19 13:23:16,270][HousePriceAnalysis.py:88]:ERROR: replace table[city_info] city_info city_name[日照], anjuke_homepage_url[https://rizhao.anjuke.com] anjuke_rent_url[https://rz.zu.anjuke.com/] failed! error[Duplicate entry '日照' for key 'city_name']
[2018-05-19 13:23:16,271][HousePriceAnalysis.py:88]:ERROR: replace table[city_info] city_info city_name[上海], anjuke_homepage_url[https://shanghai.anjuke.com] anjuke_rent_url[https://sh.zu.anjuke.com/] failed! error[Duplicate entry '上海' for key 'city_name']
[2018-05-19 13:23:16,272][HousePriceAnalysis.py:88]:ERROR: replace table[city_info] city_info city_name[天津], anjuke_homepage_url[https://tianjin.anjuke.com] anjuke_rent_url[https://tj.zu.anjuke.com/] failed! error[Duplicate entry '天津' for key 'city_name']
[2018-05-19 13:23:16,274][HousePriceAnalysis.py:88]:ERROR: replace table[city_info] city_info city_name[武汉], anjuke_homepage_url[https://wuhan.anjuke.com] anjuke_rent_url[https://wh.zu.anjuke.com/] failed! error[Duplicate entry '武汉' for key 'city_name']
[2018-05-19 13:23:16,275][HousePriceAnalysis.py:88]:ERROR: replace table[city_info] city_info city_name[西安], anjuke_homepage_url[https://xa.anjuke.com] anjuke_rent_url[https://xa.zu.anjuke.com/] failed! error[Duplicate entry '西安' for key 'city_name']
[2018-05-19 13:23:16,276][HousePriceAnalysis.py:88]:ERROR: replace table[city_info] city_info city_name[烟台], anjuke_homepage_url[https://yt.anjuke.com] anjuke_rent_url[https://yt.zu.anjuke.com/] failed! error[Duplicate entry '烟台' for key 'city_name']
[2018-05-19 13:23:16,277][HousePriceAnalysis.py:85]:INFO: replace table[city_info] city_name[郑州], anjuke_homepage_url[https://zhengzhou.anjuke.com] anjuke_rent_url[https://zz.zu.anjuke.com/] ok!
[2018-05-19 13:23:16,279][HousePriceAnalysis.py:85]:INFO: replace table[city_info] city_name[阿坝州], anjuke_homepage_url[https://chengdu.anjuke.com] anjuke_rent_url[https://cd.zu.anjuke.com/] ok!
[2018-05-19 13:28:41,617][HousePriceAnalysis.py:146]:ERROR: replace table[city_info] city_info city_name[郑州], anjuke_homepage_url[---] anjuke_rent_url[xx] failed! error[Duplicate entry '郑州' for key 'city_name']
[2018-05-19 13:42:46,435][HousePriceAnalysis.py:160]:ERROR: replace table[city_info] city_info city_name[郑州], anjuke_homepage_url[---] anjuke_rent_url[xx] failed! error[Duplicate entry '郑州' for key 'city_name']
[2018-05-19 13:44:29,199][HousePriceAnalysis.py:159]:ERROR: sql[SELECT city_id FROM city_info where city_name = 郑州], error[Unknown column '郑州' in 'where clause']
[2018-05-19 13:44:29,211][HousePriceAnalysis.py:167]:ERROR: replace table[city_info] city_info city_name[郑州], anjuke_homepage_url[---] anjuke_rent_url[xx] failed! error[Duplicate entry '郑州' for key 'city_name']
[2018-05-19 13:45:57,439][HousePriceAnalysis.py:173]:INFO: update table[city_info] successfully!
[2018-05-19 13:46:50,900][HousePriceAnalysis.py:164]:INFO: replace table[city_info] city_name[ff州], anjuke_homepage_url[---] anjuke_rent_url[xx] ok!
[2018-05-19 13:48:31,579][HousePriceAnalysis.py:173]:INFO: update table[city_info] successfully!
[2018-05-19 13:51:25,411][HousePriceAnalysis.py:100]:INFO: update table[city_info] successfully!
