[2018-05-25 14:57:05,842][HousePriceAnalysis.py:686]:INFO: Insert rent_info community[嘉欣园] remark[(个人直租)单身公寓 大阳台。拎包入住  宁静优雅低楼带电梯] ok!
[2018-05-25 14:57:24,137][HousePriceAnalysis.py:686]:INFO: Insert rent_info community[黄阁翠苑] remark[（个人）酒店式公寓招租.专人管理.家电家私齐全 拎包即可入住] ok!
[2018-05-25 14:57:42,500][HousePriceAnalysis.py:686]:INFO: Insert rent_info community[阳光天健城] remark[房东直租 精装酒店公寓 家电齐全 拎包入住 免费看房 无中介] ok!
[2018-05-25 14:58:02,253][HousePriceAnalysis.py:686]:INFO: Insert rent_info community[中海康城花园] remark[房东直租 可短租 带阳台 家私齐全 独门独户 随时看房] ok!
[2018-05-25 14:58:03,528][HousePriceAnalysis.py:686]:INFO: Insert rent_info community[阳光天健城] remark[本公寓全新精装修 采光通风极好 楼下有超市生活非常方便 数量] ok!
[2018-05-25 14:58:04,868][HousePriceAnalysis.py:686]:INFO: Insert rent_info community[宏发嘉域] remark[房东直租 不收**** 拎包入住 独立厨卫 大阳台 家电全齐] ok!
[2018-05-25 14:58:11,355][HousePriceAnalysis.py:686]:INFO: Insert rent_info community[睿智华庭] remark[直租酒店式公寓出租单月起租,豪华装修,拎包入住] ok!
[2018-05-25 14:58:25,048][HousePriceAnalysis.py:686]:INFO: Insert rent_info community[天昊华庭] remark[（个人）酒店式公寓招租.专人管理.家电家私齐全 拎包即可入住] ok!
[2018-05-25 14:58:33,853][HousePriceAnalysis.py:686]:INFO: Insert rent_info community[黄阁翠苑] remark[房东直租 可短租 带阳台 家私齐全 独门独户 随时看房] ok!
[2018-05-25 14:58:37,829][HousePriceAnalysis.py:686]:INFO: Insert rent_info community[中海康城花园] remark[电梯青年公寓。房东直租] ok!
[2018-05-25 14:58:53,430][HousePriceAnalysis.py:686]:INFO: Insert rent_info community[黄阁翠苑] remark[(个人直租)单身公寓 大阳台。拎包入住  宁静优雅低楼带电梯] ok!
[2018-05-25 14:59:45,565][HousePriceAnalysis.py:686]:INFO: Insert rent_info community[中粮祥云] remark[本公寓全新精装修 采光通风极好 楼下有超市生活非常方便 数量] ok!
[2018-05-25 14:59:46,831][HousePriceAnalysis.py:686]:INFO: Insert rent_info community[嘉欣园] remark[（个人） 全套家私 拎包入住 通风好 采光好 免费停车] ok!
[2018-05-25 15:00:16,525][HousePriceAnalysis.py:686]:INFO: Insert rent_info community[黄阁翠苑] remark[个人转租独厨独卫地铁口大阳台] ok!
[2018-05-25 15:00:26,640][HousePriceAnalysis.py:686]:INFO: Insert rent_info community[嘉欣园] remark[个人转租独厨独卫地铁口大阳台] ok!
[2018-05-25 15:00:36,583][HousePriceAnalysis.py:686]:INFO: Insert rent_info community[阳光天健城] remark[个人转租独厨独 赶紧联系我把] ok!
[2018-05-25 15:00:37,801][HousePriceAnalysis.py:686]:INFO: Insert rent_info community[奥林华府] remark[独门独户。独立厨卫，房间整洁干净，通风向阳。安全放心 专人管] ok!
[2018-05-25 15:00:39,407][HousePriceAnalysis.py:686]:INFO: Insert rent_info community[阳光天健城] remark[房东直租 地铁口公寓精装修 大单间一房一厅免费光纤网] ok!
[2018-05-25 15:00:50,119][HousePriceAnalysis.py:686]:INFO: Insert rent_info community[京基御景中央] remark[豪华装修全新家私家电，温馨干净 交通便利购物便捷，专人管理] ok!
[2018-05-25 15:00:51,503][HousePriceAnalysis.py:686]:INFO: Insert rent_info community[天昊华庭] remark[直租酒店式公寓出租单月起租,豪华装修,拎包入住] ok!
[2018-05-25 15:02:01,502][HousePriceAnalysis.py:686]:INFO: Insert rent_info community[龙岗天安数码城] remark[免中介.可短租，独立厨卫，，拎包入住，家私家电齐全] ok!
[2018-05-25 15:03:14,976][HousePriceAnalysis.py:686]:INFO: Insert rent_info community[奥林华府] remark[（个人）酒店式公寓招租.专人管理.家电家私齐全 拎包即可入住] ok!
[2018-05-25 15:03:44,313][HousePriceAnalysis.py:686]:INFO: Insert rent_info community[佳兆业未来城] remark[(个人直租)单身公寓 大阳台 家私齐全 拎包入住 交通便] ok!
[2018-05-25 15:03:55,849][HousePriceAnalysis.py:686]:INFO: Insert rent_info community[公明第一小学] remark[全新公寓房，附近交通便利，随时拎包入住，管理直租] ok!
[2018-05-25 15:04:35,130][HousePriceAnalysis.py:699]:INFO: Update rent_info community[万科广场] remark[三号线华美公寓 家私齐全 环境舒适 超大空间采光好 光纤网络] ok!
[2018-05-25 15:04:36,768][HousePriceAnalysis.py:686]:INFO: Insert rent_info community[如意小区] remark[龙岗中心城 一室一卫 采光通风带阳台 家私家电齐全 拎包入住] ok!
[2018-05-25 15:04:53,709][HousePriceAnalysis.py:579]:INFO: insert table[community_info] city_id[636] cm_name[荣德国际城市综合体] ok!
[2018-05-25 15:04:55,128][HousePriceAnalysis.py:686]:INFO: Insert rent_info community[荣德国际城市综合体] remark[精装修公寓 横岗地铁站口 带个衣服随时入住 舒适温馨] ok!
[2018-05-25 15:05:20,010][HousePriceAnalysis.py:686]:INFO: Insert rent_info community[盛平天桥] remark[盛平天桥 2018年精装修  无中介 家私家电齐全] ok!
[2018-05-25 15:05:24,029][HousePriceAnalysis.py:686]:INFO: Insert rent_info community[郭尾新村] remark[郭尾新村 2018年全新装修  拎包入住 无中介] ok!
[2018-05-25 15:05:51,584][HousePriceAnalysis.py:686]:INFO: Insert rent_info community[星河时代] remark[房.东.直.租，独立厨卫，地铁口公寓，拎包入住，家私家电] ok!
[2018-05-25 15:05:53,853][HousePriceAnalysis.py:686]:INFO: Insert rent_info community[阳光天健城] remark[房.东.直.租，独立厨卫，拎包入住，家私家电齐全] ok!
[2018-05-25 15:06:30,711][HousePriceAnalysis.py:686]:INFO: Insert rent_info community[中海塞纳时光] remark[房间户型好，通风光线好，家私电器齐全，独立厨房卫生间，专人管] ok!
[2018-05-25 15:06:32,351][HousePriceAnalysis.py:686]:INFO: Insert rent_info community[奥林华府] remark[爱联地铁D出口豪华酒店式公寓。拎包入住。房东直租] ok!
[2018-05-25 15:07:06,807][HousePriceAnalysis.py:686]:INFO: Insert rent_info community[沙浦围花园] remark[沙浦围花园1室-0厅-1卫整租] ok!
[2018-05-25 15:07:08,391][HousePriceAnalysis.py:686]:INFO: Insert rent_info community[中海塞纳时光] remark[个人转租独厨独卫先到先得] ok!
[2018-05-25 15:07:10,182][HousePriceAnalysis.py:686]:INFO: Insert rent_info community[中海康城花园] remark[个人转租独厨独卫地铁口大阳台] ok!
[2018-05-25 15:07:11,800][HousePriceAnalysis.py:686]:INFO: Insert rent_info community[奥林华府] remark[独门独户。独立厨卫，房间整洁干净，通风向阳。安全放心 专人管] ok!
